<?xml version="1.0" encoding="UTF-8"?>
<!-- Generated by org.testng.reporters.JUnitReportReporter -->
<testsuite skipped="0" hostname="NagRaj" name="test.InvalidLogin" tests="1" failures="0" timestamp="18 May 2017 07:52:04 GMT" time="7.686" errors="0">
  <testcase name="testInvalidLogin" time="7.686" classname="test.InvalidLogin"/>
</testsuite> <!-- test.InvalidLogin -->
